1596586155118	geckodriver	INFO	Listening on 127.0.0.1:53402
1596586158162	mozrunner::runner	INFO	Running command: "C:\\Program Files\\Mozilla Firefox\\firefox.exe" "--marionette" "-foreground" "-no-remote" "-profile" "C:\\Users\\Arkus\\AppData\\Local\\Temp\\rust_mozprofileB5QqQD"
JavaScript error: resource://gre/modules/XULStore.jsm, line 66: Error: Can't find profile directory.
console.error: SearchCache: "_readCacheFile: Error reading cache file:" (new Error("", "(unknown module)"))
1596586161586	Marionette	INFO	Listening on port 53411
1596586161783	Marionette	WARN	TLS certificate errors will be ignored for this session
JavaScript error: https://fedora.teachablecdn.com/packs/student-legacy-ef3a64f6eeb5cbcf5ef3.js, line 239: TypeError: document.querySelector(...) is null
JavaScript error: resource://gre/actors/AutoCompleteChild.jsm, line 208: Error: Invalid autocomplete selectedIndex
1596586890393	Marionette	INFO	Stopped listening on port 53411

###!!! [Child][RunMessage] Error: Channel closing: too late to send/recv, messages will be lost


###!!! [Child][MessageChannel::SendAndWait] Error: Channel error: cannot send/recv

le directory.
console.error: SearchCache: "_readCacheFile: Error reading cache file:" (new Error("", "(unknown module)"))
1596586738446	Marionette	INFO	Listening on port 53780
1596586738557	Marionette	WARN	TLS certificate errors will be ignored for this session
JavaScript error: https://fedora.teachablecdn.com/packs/student-legacy-ef3a64f6eeb5cbcf5ef3.js, line 239: TypeError: document.querySelector(...) is null
1596586853930	Marionette	INFO	Stopped listening on port 53780

###!!! [Child][RunMessage] Error: Channel closing: too late to send/recv, messages will be lost


###!!! [Child][MessageChannel::SendAndWait] Error: Channel error: cannot send/recv

Temp\\rust_mozprofile2G1sLO"
JavaScript error: resource://gre/modules/XULStore.jsm, line 66: Error: Can't find profile directory.
console.error: SearchCache: "_readCacheFile: Error reading cache file:" (new Error("", "(unknown module)"))
1596586810222	Marionette	INFO	Listening on port 53907
1596586810420	Marionette	WARN	TLS certificate errors will be ignored for this session
JavaScript error: https://fedora.teachablecdn.com/packs/student-legacy-ef3a64f6eeb5cbcf5ef3.js, line 239: TypeError: document.querySelector(...) is null
1596586852353	Marionette	INFO	Stopped listening on port 53907

###!!! [Child][RunMessage] Error: Channel closing: too late to send/recv, messages will be lost


###!!! [Child][MessageChannel::SendAndWait] Error: Channel error: cannot send/recv

