1596567999040	geckodriver	INFO	Listening on 127.0.0.1:62824
1596568002126	mozrunner::runner	INFO	Running command: "C:\\Program Files\\Mozilla Firefox\\firefox.exe" "--marionette" "-foreground" "-no-remote" "-profile" "C:\\Users\\Arkus\\AppData\\Local\\Temp\\rust_mozprofile1H6yIC"
1596568036698	geckodriver	INFO	Listening on 127.0.0.1:62883
1596568039751	mozrunner::runner	INFO	Running command: "C:\\Program Files\\Mozilla Firefox\\firefox.exe" "--marionette" "-foreground" "-no-remote" "-profile" "C:\\Users\\Arkus\\AppData\\Local\\Temp\\rust_mozprofileJK4jsD"
JavaScript error: resource://gre/modules/XULStore.jsm, line 66: Error: Can't find profile directory.
console.error: SearchCache: "_readCacheFile: Error reading cache file:" (new Error("", "(unknown module)"))
1596568042327	Marionette	INFO	Listening on port 62892
1596568042376	Marionette	WARN	TLS certificate errors will be ignored for this session
1596568081304	Marionette	INFO	Stopped listening on port 62892

###!!! [Child][RunMessage] Error: Channel closing: too late to send/recv, messages will be lost


###!!! [Child][MessageChannel::SendAndWait] Error: Channel error: cannot send/recv

Temp\\rust_mozprofileCW10Zi"
JavaScript error: resource://gre/modules/XULStore.jsm, line 66: Error: Can't find profile directory.
console.error: SearchCache: "_readCacheFile: Error reading cache file:" (new Error("", "(unknown module)"))
1596568063028	Marionette	INFO	Listening on port 62962
1596568063301	Marionette	WARN	TLS certificate errors will be ignored for this session
1596568080577	Marionette	INFO	Stopped listening on port 62962

###!!! [Child][RunMessage] Error: Channel closing: too late to send/recv, messages will be lost


###!!! [Child][MessageChannel::SendAndWait] Error: Channel error: cannot send/recv

1596568122258	geckodriver	INFO	Listening on 127.0.0.1:63058
1596568125320	mozrunner::runner	INFO	Running command: "C:\\Program Files\\Mozilla Firefox\\firefox.exe" "--marionette" "-foreground" "-no-remote" "-profile" "C:\\Users\\Arkus\\AppData\\Local\\Temp\\rust_mozprofilepQgakF"
JavaScript error: resource://gre/modules/XULStore.jsm, line 66: Error: Can't find profile directory.
console.error: SearchCache: "_readCacheFile: Error reading cache file:" (new Error("", "(unknown module)"))
1596568127999	Marionette	INFO	Listening on port 63067
1596568128436	Marionette	WARN	TLS certificate errors will be ignored for this session
1596568132551	Marionette	INFO	Stopped listening on port 63067

###!!! [Child][RunMessage] Error: Channel closing: too late to send/recv, messages will be lost


###!!! [Child][MessageChannel::SendAndWait] Error: Channel error: cannot send/recv

1596568144316	geckodriver	INFO	Listening on 127.0.0.1:63111
1596568147390	mozrunner::runner	INFO	Running command: "C:\\Program Files\\Mozilla Firefox\\firefox.exe" "--marionette" "-foreground" "-no-remote" "-profile" "C:\\Users\\Arkus\\AppData\\Local\\Temp\\rust_mozprofileQLx0sh"
JavaScript error: resource://gre/modules/XULStore.jsm, line 66: Error: Can't find profile directory.
console.error: SearchCache: "_readCacheFile: Error reading cache file:" (new Error("", "(unknown module)"))
1596568149931	Marionette	INFO	Listening on port 63120
1596568150005	Marionette	WARN	TLS certificate errors will be ignored for this session
1596568170509	Marionette	INFO	Stopped listening on port 63120

###!!! [Child][RunMessage] Error: Channel closing: too late to send/recv, messages will be lost


###!!! [Child][MessageChannel::SendAndWait] Error: Channel error: cannot send/recv

1596572068769	geckodriver	INFO	Listening on 127.0.0.1:65051
1596572071824	mozrunner::runner	INFO	Running command: "C:\\Program Files\\Mozilla Firefox\\firefox.exe" "--marionette" "-foreground" "-no-remote" "-profile" "C:\\Users\\Arkus\\AppData\\Local\\Temp\\rust_mozprofileKiQyZp"
JavaScript error: resource://gre/modules/XULStore.jsm, line 66: Error: Can't find profile directory.
console.error: SearchCache: "_readCacheFile: Error reading cache file:" (new Error("", "(unknown module)"))
1596572075521	Marionette	INFO	Listening on port 65060
1596572075942	Marionette	WARN	TLS certificate errors will be ignored for this session
1596572096206	Marionette	INFO	Stopped listening on port 65060

###!!! [Child][RunMessage] Error: Channel closing: too late to send/recv, messages will be lost


###!!! [Child][MessageChannel::SendAndWait] Error: Channel error: cannot send/recv

1596572099025	geckodriver	INFO	Listening on 127.0.0.1:65132
1596572102089	mozrunner::runner	INFO	Running command: "C:\\Program Files\\Mozilla Firefox\\firefox.exe" "--marionette" "-foreground" "-no-remote" "-profile" "C:\\Users\\Arkus\\AppData\\Local\\Temp\\rust_mozprofileZPz8Rc"
JavaScript error: resource://gre/modules/XULStore.jsm, line 66: Error: Can't find profile directory.
console.error: SearchCache: "_readCacheFile: Error reading cache file:" (new Error("", "(unknown module)"))
1596572104696	Marionette	INFO	Listening on port 65141
1596572104706	Marionette	WARN	TLS certificate errors will be ignored for this session

###!!! [Child][RunMessage] Error: Channel closing: too late to send/recv, messages will be lost

1596572180188	Marionette	INFO	Stopped listening on port 65141

###!!! [Child][RunMessage] Error: Channel closing: too late to send/recv, messages will be lost


###!!! [Child][MessageChannel::SendAndWait] Error: Channel error: cannot send/recv

1596572525881	geckodriver	INFO	Listening on 127.0.0.1:65517
1596572528930	mozrunner::runner	INFO	Running command: "C:\\Program Files\\Mozilla Firefox\\firefox.exe" "--marionette" "-foreground" "-no-remote" "-profile" "C:\\Users\\Arkus\\AppData\\Local\\Temp\\rust_mozprofileZwfTGF"
JavaScript error: resource://gre/modules/XULStore.jsm, line 66: Error: Can't find profile directory.
console.error: SearchCache: "_readCacheFile: Error reading cache file:" (new Error("", "(unknown module)"))
1596572531896	Marionette	INFO	Listening on port 65527
1596572532044	Marionette	WARN	TLS certificate errors will be ignored for this session
console.warn: services.settings: main/whats-new-panel sync interrupted by shutdown

###!!! [Child][RunMessage] Error: Channel closing: too late to send/recv, messages will be lost


###!!! [Child][RunMessage] Error: Channel closing: too late to send/recv, messages will be lost


###!!! [Child][RunMessage] Error: Channel closing: too late to send/recv, messages will be lost


###!!! [Child][RunMessage] Error: Channel closing: too late to send/recv, messages will be lost


###!!! [Child][RunMessage] Error: Channel closing: too late to send/recv, messages will be lost


###!!! [Child][RunMessage] Error: Channel closing: too late to send/recv, messages will be lost


###!!! [Child][RunMessage] Error: Channel closing: too late to send/recv, messages will be lost

1596572535267	Marionette	INFO	Stopped listening on port 65527

###!!! [Child][RunMessage] Error: Channel closing: too late to send/recv, messages will be lost


###!!! [Child][MessageChannel::SendAndWait] Error: Channel error: cannot send/recv

1596581183274	geckodriver	INFO	Listening on 127.0.0.1:49967
1596581186384	mozrunner::runner	INFO	Running command: "C:\\Program Files\\Mozilla Firefox\\firefox.exe" "--marionette" "-foreground" "-no-remote" "-profile" "C:\\Users\\Arkus\\AppData\\Local\\Temp\\rust_mozprofilexNtowW"
JavaScript error: resource://gre/modules/XULStore.jsm, line 66: Error: Can't find profile directory.
console.error: SearchCache: "_readCacheFile: Error reading cache file:" (new Error("", "(unknown module)"))
1596581190587	Marionette	INFO	Listening on port 49975
1596581190604	Marionette	WARN	TLS certificate errors will be ignored for this session
1596581233246	Marionette	INFO	Stopped listening on port 49975

###!!! [Child][RunMessage] Error: Channel closing: too late to send/recv, messages will be lost


###!!! [Child][MessageChannel::SendAndWait] Error: Channel error: cannot send/recv

1596582373676	geckodriver	INFO	Listening on 127.0.0.1:50795
1596582376744	mozrunner::runner	INFO	Running command: "C:\\Program Files\\Mozilla Firefox\\firefox.exe" "--marionette" "-foreground" "-no-remote" "-profile" "C:\\Users\\Arkus\\AppData\\Local\\Temp\\rust_mozprofileJ2fwDk"
JavaScript error: resource://gre/modules/XULStore.jsm, line 66: Error: Can't find profile directory.
console.error: SearchCache: "_readCacheFile: Error reading cache file:" (new Error("", "(unknown module)"))
1596582379419	Marionette	INFO	Listening on port 50805
1596582379859	Marionette	WARN	TLS certificate errors will be ignored for this session
[Child 11452, Chrome_ChildThread] WARNING: pipe error: 232: file /builds/worker/checkouts/gecko/ipc/chromium/src/chrome/common/ipc_channel_win.cc, line 524
1596582385727	Marionette	INFO	Stopped listening on port 50805

###!!! [Child][RunMessage] Error: Channel closing: too late to send/recv, messages will be lost


###!!! [Child][MessageChannel::SendAndWait] Error: Channel error: cannot send/recv

1596582539563	geckodriver	INFO	Listening on 127.0.0.1:50946
1596582542627	mozrunner::runner	INFO	Running command: "C:\\Program Files\\Mozilla Firefox\\firefox.exe" "--marionette" "-foreground" "-no-remote" "-profile" "C:\\Users\\Arkus\\AppData\\Local\\Temp\\rust_mozprofileo3ad8Y"
JavaScript error: resource://gre/modules/XULStore.jsm, line 66: Error: Can't find profile directory.
console.error: SearchCache: "_readCacheFile: Error reading cache file:" (new Error("", "(unknown module)"))
1596582545322	Marionette	INFO	Listening on port 50955
1596582545744	Marionette	WARN	TLS certificate errors will be ignored for this session
1596582556612	Marionette	INFO	Stopped listening on port 50955

###!!! [Child][RunMessage] Error: Channel closing: too late to send/recv, messages will be lost


###!!! [Child][MessageChannel::SendAndWait] Error: Channel error: cannot send/recv

1596582595021	geckodriver	INFO	Listening on 127.0.0.1:51050
1596582598067	mozrunner::runner	INFO	Running command: "C:\\Program Files\\Mozilla Firefox\\firefox.exe" "--marionette" "-foreground" "-no-remote" "-profile" "C:\\Users\\Arkus\\AppData\\Local\\Temp\\rust_mozprofile44dwM1"
JavaScript error: resource://gre/modules/XULStore.jsm, line 66: Error: Can't find profile directory.
console.error: SearchCache: "_readCacheFile: Error reading cache file:" (new Error("", "(unknown module)"))
1596582600613	Marionette	INFO	Listening on port 51060
1596582600711	Marionette	WARN	TLS certificate errors will be ignored for this session
1596582607530	Marionette	INFO	Stopped listening on port 51060

###!!! [Child][RunMessage] Error: Channel closing: too late to send/recv, messages will be lost


###!!! [Child][MessageChannel::SendAndWait] Error: Channel error: cannot send/recv

1596582666498	geckodriver	INFO	Listening on 127.0.0.1:51139
1596582669541	mozrunner::runner	INFO	Running command: "C:\\Program Files\\Mozilla Firefox\\firefox.exe" "--marionette" "-foreground" "-no-remote" "-profile" "C:\\Users\\Arkus\\AppData\\Local\\Temp\\rust_mozprofile28fGSB"
JavaScript error: resource://gre/modules/XULStore.jsm, line 66: Error: Can't find profile directory.
console.error: SearchCache: "_readCacheFile: Error reading cache file:" (new Error("", "(unknown module)"))
1596582672616	Marionette	INFO	Listening on port 51149
1596582672657	Marionette	WARN	TLS certificate errors will be ignored for this session
JavaScript error: https://fedora.teachablecdn.com/packs/student-legacy-ef3a64f6eeb5cbcf5ef3.js, line 239: TypeError: document.querySelector(...) is null
1596582702563	Marionette	INFO	Stopped listening on port 51149

###!!! [Child][RunMessage] Error: Channel closing: too late to send/recv, messages will be lost


###!!! [Child][MessageChannel::SendAndWait] Error: Channel error: cannot send/recv

1596583921877	geckodriver	INFO	Listening on 127.0.0.1:51971
1596583924939	mozrunner::runner	INFO	Running command: "C:\\Program Files\\Mozilla Firefox\\firefox.exe" "--marionette" "-foreground" "-no-remote" "-profile" "C:\\Users\\Arkus\\AppData\\Local\\Temp\\rust_mozprofileIWeC3W"
JavaScript error: resource://gre/modules/XULStore.jsm, line 66: Error: Can't find profile directory.
console.error: SearchCache: "_readCacheFile: Error reading cache file:" (new Error("", "(unknown module)"))
1596583927439	Marionette	INFO	Listening on port 51981
1596583927559	Marionette	WARN	TLS certificate errors will be ignored for this session
JavaScript error: https://fedora.teachablecdn.com/packs/student-legacy-ef3a64f6eeb5cbcf5ef3.js, line 239: TypeError: document.querySelector(...) is null
1596583958038	Marionette	INFO	Stopped listening on port 51981

###!!! [Child][RunMessage] Error: Channel closing: too late to send/recv, messages will be lost


###!!! [Child][MessageChannel::SendAndWait] Error: Channel error: cannot send/recv

1596583958913	geckodriver	INFO	Listening on 127.0.0.1:52067
1596583961980	mozrunner::runner	INFO	Running command: "C:\\Program Files\\Mozilla Firefox\\firefox.exe" "--marionette" "-foreground" "-no-remote" "-profile" "C:\\Users\\Arkus\\AppData\\Local\\Temp\\rust_mozprofilelzpRvr"
JavaScript error: resource://gre/modules/XULStore.jsm, line 66: Error: Can't find profile directory.
console.error: SearchCache: "_readCacheFile: Error reading cache file:" (new Error("", "(unknown module)"))
1596583964537	Marionette	INFO	Listening on port 52076
1596583964593	Marionette	WARN	TLS certificate errors will be ignored for this session
JavaScript error: https://fedora.teachablecdn.com/packs/student-legacy-ef3a64f6eeb5cbcf5ef3.js, line 239: TypeError: document.querySelector(...) is null
1596583992781	Marionette	INFO	Stopped listening on port 52076

###!!! [Child][RunMessage] Error: Channel closing: too late to send/recv, messages will be lost


###!!! [Child][MessageChannel::SendAndWait] Error: Channel error: cannot send/recv

