08/13/2020 02:48:46 PM -LoggingDemo2 DEBUG: debug message
08/13/2020 02:48:46 PM -LoggingDemo2 INFO: info message
08/13/2020 02:48:46 PM -LoggingDemo2 WARNING: warn message
08/13/2020 02:48:46 PM -LoggingDemo2 ERROR: error message
08/13/2020 02:48:46 PM -LoggingDemo2 CRITICAL: critical error
08/13/2020 02:48:46 PM -LoggingDemo2 DEBUG: debug message
08/13/2020 02:48:46 PM -LoggingDemo2 INFO: info message
08/13/2020 02:48:46 PM -LoggingDemo2 WARNING: warn message
08/13/2020 02:48:46 PM -LoggingDemo2 ERROR: error message
08/13/2020 02:48:46 PM -LoggingDemo2 CRITICAL: critical error
08/13/2020 02:48:46 PM -LoggingDemo2 DEBUG: debug message
08/13/2020 02:48:46 PM -LoggingDemo2 INFO: info message
08/13/2020 02:48:46 PM -LoggingDemo2 WARNING: warn message
08/13/2020 02:48:46 PM -LoggingDemo2 ERROR: error message
08/13/2020 02:48:46 PM -LoggingDemo2 CRITICAL: critical error
08/13/2020 02:49:13 PM -LoggingDemo2 DEBUG: debug message
08/13/2020 02:49:13 PM -LoggingDemo2 INFO: info message
08/13/2020 02:49:13 PM -LoggingDemo2 WARNING: warn message
08/13/2020 02:49:13 PM -LoggingDemo2 ERROR: error message
08/13/2020 02:49:13 PM -LoggingDemo2 CRITICAL: critical error
08/13/2020 02:49:13 PM -LoggingDemo2 DEBUG: debug message
08/13/2020 02:49:13 PM -LoggingDemo2 INFO: info message
08/13/2020 02:49:13 PM -LoggingDemo2 WARNING: warn message
08/13/2020 02:49:13 PM -LoggingDemo2 ERROR: error message
08/13/2020 02:49:13 PM -LoggingDemo2 CRITICAL: critical error
08/13/2020 02:49:13 PM -LoggingDemo2 DEBUG: debug message
08/13/2020 02:49:13 PM -LoggingDemo2 INFO: info message
08/13/2020 02:49:13 PM -LoggingDemo2 WARNING: warn message
08/13/2020 02:49:13 PM -LoggingDemo2 ERROR: error message
08/13/2020 02:49:13 PM -LoggingDemo2 CRITICAL: critical error
08/13/2020 02:52:00 PM -LoggingDemo2 DEBUG: debug message
08/13/2020 02:52:00 PM -LoggingDemo2 INFO: info message
08/13/2020 02:52:00 PM -LoggingDemo2 WARNING: warn message
08/13/2020 02:52:00 PM -LoggingDemo2 ERROR: error message
08/13/2020 02:52:00 PM -LoggingDemo2 CRITICAL: critical error
08/13/2020 02:53:34 PM -LoggingDemo2 DEBUG: debug message
08/13/2020 02:53:34 PM -LoggingDemo2 INFO: info message
08/13/2020 02:53:34 PM -LoggingDemo2 WARNING: warn message
08/13/2020 02:53:34 PM -LoggingDemo2 ERROR: error message
08/13/2020 02:53:34 PM -LoggingDemo2 CRITICAL: critical error
